<?xml version="1.0" encoding="UTF-8"?>
<!-- Generated by org.testng.reporters.JUnitReportReporter -->
<testsuite hostname="SVINLP00321" name="runner.RunCukes" tests="2" failures="0" timestamp="15 Mar 2019 12:13:23 GMT" time="30.225" errors="0">
  <testcase name="feature" time="8.711" classname="runner.RunCukes"/>
  <testcase name="feature" time="21.514" classname="runner.RunCukes"/>
</testsuite> <!-- runner.RunCukes -->
