<?xml version="1.0" encoding="UTF-8"?>
<!-- Generated by org.testng.reporters.JUnitReportReporter -->
<testsuite skipped="0" hostname="SVINLP00321" name="runner.RunCukes" tests="1" failures="0" timestamp="06 Jan 2019 10:19:29 GMT" time="5.522" errors="0">
  <testcase name="feature" time="5.522" classname="runner.RunCukes"/>
</testsuite> <!-- runner.RunCukes -->
